Determining if the pthread_create exist failed with the following output:
Change Dir: /home/teobaiguera/Documents/BeerDrone/build/stereo_particle_slam/CMakeFiles/CMakeTmp

Run Build Command:"/usr/bin/make" "cmTC_677a2/fast"
/usr/bin/make -f CMakeFiles/cmTC_677a2.dir/build.make CMakeFiles/cmTC_677a2.dir/build
make[1]: Entering directory '/home/teobaiguera/Documents/BeerDrone/build/stereo_particle_slam/CMakeFiles/CMakeTmp'
Building C object CMakeFiles/cmTC_677a2.dir/CheckSymbolExists.c.o
/usr/bin/cc    -o CMakeFiles/cmTC_677a2.dir/CheckSymbolExists.c.o   -c /home/teobaiguera/Documents/BeerDrone/build/stereo_particle_slam/CMakeFiles/CMakeTmp/CheckSymbolExists.c
Linking C executable cmTC_677a2
/usr/bin/cmake -E cmake_link_script CMakeFiles/cmTC_677a2.dir/link.txt --verbose=1
/usr/bin/cc      -rdynamic CMakeFiles/cmTC_677a2.dir/CheckSymbolExists.c.o  -o cmTC_677a2 
CMakeFiles/cmTC_677a2.dir/CheckSymbolExists.c.o: In function `main':
CheckSymbolExists.c:(.text+0x1b): undefined reference to `pthread_create'
collect2: error: ld returned 1 exit status
CMakeFiles/cmTC_677a2.dir/build.make:97: recipe for target 'cmTC_677a2' failed
make[1]: *** [cmTC_677a2] Error 1
make[1]: Leaving directory '/home/teobaiguera/Documents/BeerDrone/build/stereo_particle_slam/CMakeFiles/CMakeTmp'
Makefile:126: recipe for target 'cmTC_677a2/fast' failed
make: *** [cmTC_677a2/fast] Error 2

File /home/teobaiguera/Documents/BeerDrone/build/stereo_particle_slam/CMakeFiles/CMakeTmp/CheckSymbolExists.c:
/* */
#include <pthread.h>

int main(int argc, char** argv)
{
  (void)argv;
#ifndef pthread_create
  return ((int*)(&pthread_create))[argc];
#else
  (void)argc;
  return 0;
#endif
}

Determining if the function pthread_create exists in the pthreads failed with the following output:
Change Dir: /home/teobaiguera/Documents/BeerDrone/build/stereo_particle_slam/CMakeFiles/CMakeTmp

Run Build Command:"/usr/bin/make" "cmTC_5250d/fast"
/usr/bin/make -f CMakeFiles/cmTC_5250d.dir/build.make CMakeFiles/cmTC_5250d.dir/build
make[1]: Entering directory '/home/teobaiguera/Documents/BeerDrone/build/stereo_particle_slam/CMakeFiles/CMakeTmp'
Building C object CMakeFiles/cmTC_5250d.dir/CheckFunctionExists.c.o
/usr/bin/cc   -DCHECK_FUNCTION_EXISTS=pthread_create   -o CMakeFiles/cmTC_5250d.dir/CheckFunctionExists.c.o   -c /usr/share/cmake-3.10/Modules/CheckFunctionExists.c
Linking C executable cmTC_5250d
/usr/bin/cmake -E cmake_link_script CMakeFiles/cmTC_5250d.dir/link.txt --verbose=1
/usr/bin/cc  -DCHECK_FUNCTION_EXISTS=pthread_create    -rdynamic CMakeFiles/cmTC_5250d.dir/CheckFunctionExists.c.o  -o cmTC_5250d -lpthreads 
/usr/bin/ld: cannot find -lpthreads
collect2: error: ld returned 1 exit status
CMakeFiles/cmTC_5250d.dir/build.make:97: recipe for target 'cmTC_5250d' failed
make[1]: *** [cmTC_5250d] Error 1
make[1]: Leaving directory '/home/teobaiguera/Documents/BeerDrone/build/stereo_particle_slam/CMakeFiles/CMakeTmp'
Makefile:126: recipe for target 'cmTC_5250d/fast' failed
make: *** [cmTC_5250d/fast] Error 2


