[01m[K/home/astroteo/Documents/BeerDrone/src/stereo_particle_slam/src/stereo_image_processor.cpp:[m[K In member function ‘[01m[Kvoid StereoImageProcessor::solveStereo()[m[K’:
[01m[K/home/astroteo/Documents/BeerDrone/src/stereo_particle_slam/src/stereo_image_processor.cpp:117:150:[m[K [01;31m[Kerror: [m[Kexpected ‘[01m[K)[m[K’ before ‘[01m[Kframe_points3D[m[K’
  117 |                       cv::Mat(this->points_left).reshape(this->points_left.size(),2),cv::Mat(this->points_right).reshape(this->points_right.size(),2)
      |                                                                                                                                                      [01;31m[K^[m[K
      |                                                                                                                                                      [32m[K)[m[K
  118 |                       [32m[Kframe_points3D[m[K);
      |                       [32m[K~~~~~~~~~~~~~~[m[K                                                                                                                  
[01m[K/home/astroteo/Documents/BeerDrone/src/stereo_particle_slam/src/stereo_image_processor.cpp:116:22:[m[K [01;36m[Knote: [m[Kto match this ‘[01m[K([m[K’
  116 |     triangulatePoints[01;36m[K([m[Kthis->leftP, this->rightP,
      |                      [01;36m[K^[m[K
[01m[K/home/astroteo/Documents/BeerDrone/src/stereo_particle_slam/src/stereo_image_processor.cpp:118:37:[m[K [01;31m[Kerror: [m[Ktoo few arguments to function ‘[01m[Kvoid cv::triangulatePoints(cv::InputArray, cv::InputArray, cv::InputArray, cv::InputArray, cv::OutputArray)[m[K’
  118 |                       frame_points3D[01;31m[K)[m[K;
      |                                     [01;31m[K^[m[K
In file included from [01m[K/usr/include/opencv4/opencv2/opencv.hpp:56[m[K,
                 from [01m[K/home/astroteo/Documents/BeerDrone/src/stereo_particle_slam/include/stereo_particle_slam/stereo_image_processor.hh:1[m[K,
                 from [01m[K/home/astroteo/Documents/BeerDrone/src/stereo_particle_slam/src/stereo_image_processor.cpp:1[m[K:
[01m[K/usr/include/opencv4/opencv2/calib3d.hpp:2339:19:[m[K [01;36m[Knote: [m[Kdeclared here
 2339 | CV_EXPORTS_W void [01;36m[KtriangulatePoints[m[K( InputArray projMatr1, InputArray projMatr2,
      |                   [01;36m[K^~~~~~~~~~~~~~~~~[m[K
[01m[K/home/astroteo/Documents/BeerDrone/src/stereo_particle_slam/src/stereo_image_processor.cpp:121:20:[m[K [01;31m[Kerror: [m[Kno matching function for call to ‘[01m[Kcv::Mat::begin()[m[K’
  121 |     for( auto fp : [01;31m[Kframe_points3D[m[K)
      |                    [01;31m[K^~~~~~~~~~~~~~[m[K
In file included from [01m[K/usr/include/opencv4/opencv2/core.hpp:59[m[K,
                 from [01m[K/usr/include/opencv4/opencv2/opencv.hpp:52[m[K,
                 from [01m[K/home/astroteo/Documents/BeerDrone/src/stereo_particle_slam/include/stereo_particle_slam/stereo_image_processor.hh:1[m[K,
                 from [01m[K/home/astroteo/Documents/BeerDrone/src/stereo_particle_slam/src/stereo_image_processor.cpp:1[m[K:
[01m[K/usr/include/opencv4/opencv2/core/mat.hpp:2001:46:[m[K [01;36m[Knote: [m[Kcandidate: ‘[01m[Ktemplate<class _Tp> cv::MatIterator_<_Tp> cv::Mat::begin()[m[K’
 2001 |     template<typename _Tp> MatIterator_<_Tp> [01;36m[Kbegin[m[K();
      |                                              [01;36m[K^~~~~[m[K
[01m[K/usr/include/opencv4/opencv2/core/mat.hpp:2001:46:[m[K [01;36m[Knote: [m[K  template argument deduction/substitution failed:
[01m[K/home/astroteo/Documents/BeerDrone/src/stereo_particle_slam/src/stereo_image_processor.cpp:121:20:[m[K [01;36m[Knote: [m[K  couldn’t deduce template parameter ‘[01m[K_Tp[m[K’
  121 |     for( auto fp : [01;36m[Kframe_points3D[m[K)
      |                    [01;36m[K^~~~~~~~~~~~~~[m[K
In file included from [01m[K/usr/include/opencv4/opencv2/core.hpp:59[m[K,
                 from [01m[K/usr/include/opencv4/opencv2/opencv.hpp:52[m[K,
                 from [01m[K/home/astroteo/Documents/BeerDrone/src/stereo_particle_slam/include/stereo_particle_slam/stereo_image_processor.hh:1[m[K,
                 from [01m[K/home/astroteo/Documents/BeerDrone/src/stereo_particle_slam/src/stereo_image_processor.cpp:1[m[K:
[01m[K/usr/include/opencv4/opencv2/core/mat.hpp:2002:51:[m[K [01;36m[Knote: [m[Kcandidate: ‘[01m[Ktemplate<class _Tp> cv::MatConstIterator_<_Tp> cv::Mat::begin() const[m[K’
 2002 |     template<typename _Tp> MatConstIterator_<_Tp> [01;36m[Kbegin[m[K() const;
      |                                                   [01;36m[K^~~~~[m[K
[01m[K/usr/include/opencv4/opencv2/core/mat.hpp:2002:51:[m[K [01;36m[Knote: [m[K  template argument deduction/substitution failed:
[01m[K/home/astroteo/Documents/BeerDrone/src/stereo_particle_slam/src/stereo_image_processor.cpp:121:20:[m[K [01;36m[Knote: [m[K  couldn’t deduce template parameter ‘[01m[K_Tp[m[K’
  121 |     for( auto fp : [01;36m[Kframe_points3D[m[K)
      |                    [01;36m[K^~~~~~~~~~~~~~[m[K
[01m[K/home/astroteo/Documents/BeerDrone/src/stereo_particle_slam/src/stereo_image_processor.cpp:121:20:[m[K [01;31m[Kerror: [m[Kno matching function for call to ‘[01m[Kcv::Mat::end()[m[K’
In file included from [01m[K/usr/include/opencv4/opencv2/core.hpp:59[m[K,
                 from [01m[K/usr/include/opencv4/opencv2/opencv.hpp:52[m[K,
                 from [01m[K/home/astroteo/Documents/BeerDrone/src/stereo_particle_slam/include/stereo_particle_slam/stereo_image_processor.hh:1[m[K,
                 from [01m[K/home/astroteo/Documents/BeerDrone/src/stereo_particle_slam/src/stereo_image_processor.cpp:1[m[K:
[01m[K/usr/include/opencv4/opencv2/core/mat.hpp:2009:46:[m[K [01;36m[Knote: [m[Kcandidate: ‘[01m[Ktemplate<class _Tp> cv::MatIterator_<_Tp> cv::Mat::end()[m[K’
 2009 |     template<typename _Tp> MatIterator_<_Tp> [01;36m[Kend[m[K();
      |                                              [01;36m[K^~~[m[K
[01m[K/usr/include/opencv4/opencv2/core/mat.hpp:2009:46:[m[K [01;36m[Knote: [m[K  template argument deduction/substitution failed:
[01m[K/home/astroteo/Documents/BeerDrone/src/stereo_particle_slam/src/stereo_image_processor.cpp:121:20:[m[K [01;36m[Knote: [m[K  couldn’t deduce template parameter ‘[01m[K_Tp[m[K’
  121 |     for( auto fp : [01;36m[Kframe_points3D[m[K)
      |                    [01;36m[K^~~~~~~~~~~~~~[m[K
In file included from [01m[K/usr/include/opencv4/opencv2/core.hpp:59[m[K,
                 from [01m[K/usr/include/opencv4/opencv2/opencv.hpp:52[m[K,
                 from [01m[K/home/astroteo/Documents/BeerDrone/src/stereo_particle_slam/include/stereo_particle_slam/stereo_image_processor.hh:1[m[K,
                 from [01m[K/home/astroteo/Documents/BeerDrone/src/stereo_particle_slam/src/stereo_image_processor.cpp:1[m[K:
[01m[K/usr/include/opencv4/opencv2/core/mat.hpp:2010:51:[m[K [01;36m[Knote: [m[Kcandidate: ‘[01m[Ktemplate<class _Tp> cv::MatConstIterator_<_Tp> cv::Mat::end() const[m[K’
 2010 |     template<typename _Tp> MatConstIterator_<_Tp> [01;36m[Kend[m[K() const;
      |                                                   [01;36m[K^~~[m[K
[01m[K/usr/include/opencv4/opencv2/core/mat.hpp:2010:51:[m[K [01;36m[Knote: [m[K  template argument deduction/substitution failed:
[01m[K/home/astroteo/Documents/BeerDrone/src/stereo_particle_slam/src/stereo_image_processor.cpp:121:20:[m[K [01;36m[Knote: [m[K  couldn’t deduce template parameter ‘[01m[K_Tp[m[K’
  121 |     for( auto fp : [01;36m[Kframe_points3D[m[K)
      |                    [01;36m[K^~~~~~~~~~~~~~[m[K
make[2]: *** [CMakeFiles/stereo_particle_slam.dir/build.make:63: CMakeFiles/stereo_particle_slam.dir/src/stereo_image_processor.cpp.o] Error 1
make[1]: *** [CMakeFiles/Makefile2:516: CMakeFiles/stereo_particle_slam.dir/all] Error 2
make: *** [Makefile:141: all] Error 2
