[35m[1mScanning dependencies of target stereo_particle_slam[0m
[  0%] Built target rosgraph_msgs_generate_messages_cpp
[  8%] [32mBuilding CXX object CMakeFiles/stereo_particle_slam.dir/src/stereo_image_processor.cpp.o[0m
[  8%] Built target roscpp_generate_messages_py
[  8%] Built target std_msgs_generate_messages_py
[  8%] Built target geometry_msgs_generate_messages_eus
[  8%] Built target roscpp_generate_messages_nodejs
[  8%] Built target roscpp_generate_messages_eus
[  8%] Built target roscpp_generate_messages_lisp
[  8%] Built target std_msgs_generate_messages_cpp
[  8%] Built target geometry_msgs_generate_messages_nodejs
[  8%] Built target sensor_msgs_generate_messages_py
[  8%] Built target rosgraph_msgs_generate_messages_nodejs
[  8%] Built target rosgraph_msgs_generate_messages_py
[  8%] Built target std_msgs_generate_messages_eus
[  8%] Built target rosgraph_msgs_generate_messages_eus
[  8%] Built target rosgraph_msgs_generate_messages_lisp
[  8%] Built target std_msgs_generate_messages_lisp
[  8%] Built target sensor_msgs_generate_messages_cpp
[  8%] Built target sensor_msgs_generate_messages_eus
[  8%] Built target std_msgs_generate_messages_nodejs
[  8%] Built target sensor_msgs_generate_messages_lisp
[  8%] Built target roscpp_generate_messages_cpp
[  8%] Built target geometry_msgs_generate_messages_cpp
[  8%] Built target sensor_msgs_generate_messages_nodejs
[  8%] Built target geometry_msgs_generate_messages_lisp
[ 75%] Built target GMock
[ 75%] Built target geometry_msgs_generate_messages_py
[ 83%] [32m[1mLinking CXX shared library /home/teobaiguera/Documents/BeerDrone/devel/.private/stereo_particle_slam/lib/libstereo_particle_slam.so[0m
[ 83%] Built target stereo_particle_slam
[35m[1mScanning dependencies of target stereo_particle_slam_node[0m
[ 91%] [32mBuilding CXX object CMakeFiles/stereo_particle_slam_node.dir/src/stereo_particle_slam.cpp.o[0m
[01m[K/home/teobaiguera/Documents/BeerDrone/src/stereo_particle_slam/src/stereo_particle_slam.cpp:[m[K In function ‘[01m[Kint main(int, char**)[m[K’:
[01m[K/home/teobaiguera/Documents/BeerDrone/src/stereo_particle_slam/src/stereo_particle_slam.cpp:24:3:[m[K [01;31m[Kerror: [m[K‘[01m[Kstring[m[K’ was not declared in this scope
   [01;31m[Kstring[m[K dataset_path_ = "/home/teobaiguera/Documents/BeerDrone/Datasets/test1";
   [01;31m[K^~~~~~[m[K
[01m[K/home/teobaiguera/Documents/BeerDrone/src/stereo_particle_slam/src/stereo_particle_slam.cpp:24:3:[m[K [01;36m[Knote: [m[Ksuggested alternatives:
In file included from [01m[K/usr/include/c++/7/string:39:0[m[K,
                 from [01m[K/opt/ros/melodic/include/ros/platform.h:38[m[K,
                 from [01m[K/opt/ros/melodic/include/ros/time.h:53[m[K,
                 from [01m[K/opt/ros/melodic/include/ros/ros.h:38[m[K,
                 from [01m[K/home/teobaiguera/Documents/BeerDrone/src/stereo_particle_slam/src/stereo_particle_slam.cpp:3[m[K:
[01m[K/usr/include/c++/7/bits/stringfwd.h:74:33:[m[K [01;36m[Knote: [m[K  ‘[01m[Kstd::__cxx11::string[m[K’
   typedef basic_string<char>    [01;36m[Kstring[m[K;
                                 [01;36m[K^~~~~~[m[K
[01m[K/usr/include/c++/7/bits/stringfwd.h:74:33:[m[K [01;36m[Knote: [m[K  ‘[01m[Kstd::__cxx11::string[m[K’
In file included from [01m[K/usr/include/boost/lexical_cast/detail/converter_lexical.hpp:52:0[m[K,
                 from [01m[K/usr/include/boost/lexical_cast/try_lexical_convert.hpp:42[m[K,
                 from [01m[K/usr/include/boost/lexical_cast.hpp:32[m[K,
                 from [01m[K/opt/ros/melodic/include/ros/transport_hints.h:34[m[K,
                 from [01m[K/opt/ros/melodic/include/ros/subscribe_options.h:33[m[K,
                 from [01m[K/opt/ros/melodic/include/ros/node_handle.h:42[m[K,
                 from [01m[K/opt/ros/melodic/include/ros/ros.h:45[m[K,
                 from [01m[K/home/teobaiguera/Documents/BeerDrone/src/stereo_particle_slam/src/stereo_particle_slam.cpp:3[m[K:
[01m[K/usr/include/boost/container/container_fwd.hpp:195:1:[m[K [01;36m[Knote: [m[K  ‘[01m[Kboost::container::string[m[K’
 [01;36m[Kstring[m[K;
 [01;36m[K^~~~~~[m[K
CMakeFiles/stereo_particle_slam_node.dir/build.make:62: recipe for target 'CMakeFiles/stereo_particle_slam_node.dir/src/stereo_particle_slam.cpp.o' failed
make[2]: *** [CMakeFiles/stereo_particle_slam_node.dir/src/stereo_particle_slam.cpp.o] Error 1
CMakeFiles/Makefile2:92: recipe for target 'CMakeFiles/stereo_particle_slam_node.dir/all' failed
make[1]: *** [CMakeFiles/stereo_particle_slam_node.dir/all] Error 2
Makefile:140: recipe for target 'all' failed
make: *** [all] Error 2
