[01m[K/home/astroteo/Documents/BeerDrone/src/stereo_particle_slam/src/stereo_image_processor.cpp:[m[K In member function ‘[01m[Kvoid StereoImageProcessor::solveStereo()[m[K’:
[01m[K/home/astroteo/Documents/BeerDrone/src/stereo_particle_slam/src/stereo_image_processor.cpp:121:20:[m[K [01;31m[Kerror: [m[Kno matching function for call to ‘[01m[Kcv::Mat::begin()[m[K’
  121 |     for( auto fp : [01;31m[Kframe_points3D[m[K)
      |                    [01;31m[K^~~~~~~~~~~~~~[m[K
In file included from [01m[K/usr/include/opencv4/opencv2/core.hpp:59[m[K,
                 from [01m[K/usr/include/opencv4/opencv2/opencv.hpp:52[m[K,
                 from [01m[K/home/astroteo/Documents/BeerDrone/src/stereo_particle_slam/include/stereo_particle_slam/stereo_image_processor.hh:1[m[K,
                 from [01m[K/home/astroteo/Documents/BeerDrone/src/stereo_particle_slam/src/stereo_image_processor.cpp:1[m[K:
[01m[K/usr/include/opencv4/opencv2/core/mat.hpp:2001:46:[m[K [01;36m[Knote: [m[Kcandidate: ‘[01m[Ktemplate<class _Tp> cv::MatIterator_<_Tp> cv::Mat::begin()[m[K’
 2001 |     template<typename _Tp> MatIterator_<_Tp> [01;36m[Kbegin[m[K();
      |                                              [01;36m[K^~~~~[m[K
[01m[K/usr/include/opencv4/opencv2/core/mat.hpp:2001:46:[m[K [01;36m[Knote: [m[K  template argument deduction/substitution failed:
[01m[K/home/astroteo/Documents/BeerDrone/src/stereo_particle_slam/src/stereo_image_processor.cpp:121:20:[m[K [01;36m[Knote: [m[K  couldn’t deduce template parameter ‘[01m[K_Tp[m[K’
  121 |     for( auto fp : [01;36m[Kframe_points3D[m[K)
      |                    [01;36m[K^~~~~~~~~~~~~~[m[K
In file included from [01m[K/usr/include/opencv4/opencv2/core.hpp:59[m[K,
                 from [01m[K/usr/include/opencv4/opencv2/opencv.hpp:52[m[K,
                 from [01m[K/home/astroteo/Documents/BeerDrone/src/stereo_particle_slam/include/stereo_particle_slam/stereo_image_processor.hh:1[m[K,
                 from [01m[K/home/astroteo/Documents/BeerDrone/src/stereo_particle_slam/src/stereo_image_processor.cpp:1[m[K:
[01m[K/usr/include/opencv4/opencv2/core/mat.hpp:2002:51:[m[K [01;36m[Knote: [m[Kcandidate: ‘[01m[Ktemplate<class _Tp> cv::MatConstIterator_<_Tp> cv::Mat::begin() const[m[K’
 2002 |     template<typename _Tp> MatConstIterator_<_Tp> [01;36m[Kbegin[m[K() const;
      |                                                   [01;36m[K^~~~~[m[K
[01m[K/usr/include/opencv4/opencv2/core/mat.hpp:2002:51:[m[K [01;36m[Knote: [m[K  template argument deduction/substitution failed:
[01m[K/home/astroteo/Documents/BeerDrone/src/stereo_particle_slam/src/stereo_image_processor.cpp:121:20:[m[K [01;36m[Knote: [m[K  couldn’t deduce template parameter ‘[01m[K_Tp[m[K’
  121 |     for( auto fp : [01;36m[Kframe_points3D[m[K)
      |                    [01;36m[K^~~~~~~~~~~~~~[m[K
[01m[K/home/astroteo/Documents/BeerDrone/src/stereo_particle_slam/src/stereo_image_processor.cpp:121:20:[m[K [01;31m[Kerror: [m[Kno matching function for call to ‘[01m[Kcv::Mat::end()[m[K’
In file included from [01m[K/usr/include/opencv4/opencv2/core.hpp:59[m[K,
                 from [01m[K/usr/include/opencv4/opencv2/opencv.hpp:52[m[K,
                 from [01m[K/home/astroteo/Documents/BeerDrone/src/stereo_particle_slam/include/stereo_particle_slam/stereo_image_processor.hh:1[m[K,
                 from [01m[K/home/astroteo/Documents/BeerDrone/src/stereo_particle_slam/src/stereo_image_processor.cpp:1[m[K:
[01m[K/usr/include/opencv4/opencv2/core/mat.hpp:2009:46:[m[K [01;36m[Knote: [m[Kcandidate: ‘[01m[Ktemplate<class _Tp> cv::MatIterator_<_Tp> cv::Mat::end()[m[K’
 2009 |     template<typename _Tp> MatIterator_<_Tp> [01;36m[Kend[m[K();
      |                                              [01;36m[K^~~[m[K
[01m[K/usr/include/opencv4/opencv2/core/mat.hpp:2009:46:[m[K [01;36m[Knote: [m[K  template argument deduction/substitution failed:
[01m[K/home/astroteo/Documents/BeerDrone/src/stereo_particle_slam/src/stereo_image_processor.cpp:121:20:[m[K [01;36m[Knote: [m[K  couldn’t deduce template parameter ‘[01m[K_Tp[m[K’
  121 |     for( auto fp : [01;36m[Kframe_points3D[m[K)
      |                    [01;36m[K^~~~~~~~~~~~~~[m[K
In file included from [01m[K/usr/include/opencv4/opencv2/core.hpp:59[m[K,
                 from [01m[K/usr/include/opencv4/opencv2/opencv.hpp:52[m[K,
                 from [01m[K/home/astroteo/Documents/BeerDrone/src/stereo_particle_slam/include/stereo_particle_slam/stereo_image_processor.hh:1[m[K,
                 from [01m[K/home/astroteo/Documents/BeerDrone/src/stereo_particle_slam/src/stereo_image_processor.cpp:1[m[K:
[01m[K/usr/include/opencv4/opencv2/core/mat.hpp:2010:51:[m[K [01;36m[Knote: [m[Kcandidate: ‘[01m[Ktemplate<class _Tp> cv::MatConstIterator_<_Tp> cv::Mat::end() const[m[K’
 2010 |     template<typename _Tp> MatConstIterator_<_Tp> [01;36m[Kend[m[K() const;
      |                                                   [01;36m[K^~~[m[K
[01m[K/usr/include/opencv4/opencv2/core/mat.hpp:2010:51:[m[K [01;36m[Knote: [m[K  template argument deduction/substitution failed:
[01m[K/home/astroteo/Documents/BeerDrone/src/stereo_particle_slam/src/stereo_image_processor.cpp:121:20:[m[K [01;36m[Knote: [m[K  couldn’t deduce template parameter ‘[01m[K_Tp[m[K’
  121 |     for( auto fp : [01;36m[Kframe_points3D[m[K)
      |                    [01;36m[K^~~~~~~~~~~~~~[m[K
make[2]: *** [CMakeFiles/stereo_particle_slam.dir/build.make:63: CMakeFiles/stereo_particle_slam.dir/src/stereo_image_processor.cpp.o] Error 1
make[1]: *** [CMakeFiles/Makefile2:516: CMakeFiles/stereo_particle_slam.dir/all] Error 2
make: *** [Makefile:141: all] Error 2
