[35m[1mScanning dependencies of target stereo_particle_slam[0m
[  0%] Built target roscpp_generate_messages_py
[  0%] Built target std_msgs_generate_messages_py
[  0%] Built target rosgraph_msgs_generate_messages_cpp
[  8%] [32mBuilding CXX object CMakeFiles/stereo_particle_slam.dir/src/stereo_image_processor.cpp.o[0m
[  8%] Built target geometry_msgs_generate_messages_eus
[  8%] Built target roscpp_generate_messages_eus
[  8%] Built target roscpp_generate_messages_nodejs
[  8%] Built target roscpp_generate_messages_lisp
[  8%] Built target std_msgs_generate_messages_cpp
[  8%] Built target geometry_msgs_generate_messages_nodejs
[  8%] Built target sensor_msgs_generate_messages_py
[  8%] Built target rosgraph_msgs_generate_messages_py
[  8%] Built target rosgraph_msgs_generate_messages_nodejs
[  8%] Built target std_msgs_generate_messages_eus
[  8%] Built target rosgraph_msgs_generate_messages_eus
[  8%] Built target rosgraph_msgs_generate_messages_lisp
[  8%] Built target std_msgs_generate_messages_lisp
[  8%] Built target sensor_msgs_generate_messages_cpp
[  8%] Built target sensor_msgs_generate_messages_eus
[  8%] Built target std_msgs_generate_messages_nodejs
[  8%] Built target sensor_msgs_generate_messages_lisp
[  8%] Built target roscpp_generate_messages_cpp
[  8%] Built target sensor_msgs_generate_messages_nodejs
[  8%] Built target geometry_msgs_generate_messages_cpp
[  8%] Built target geometry_msgs_generate_messages_lisp
[  8%] Built target geometry_msgs_generate_messages_py
[ 75%] Built target GMock
[ 83%] [32m[1mLinking CXX shared library /home/teobaiguera/Documents/BeerDrone/devel/.private/stereo_particle_slam/lib/libstereo_particle_slam.so[0m
[ 83%] Built target stereo_particle_slam
[35m[1mScanning dependencies of target stereo_particle_slam_node[0m
[ 91%] [32mBuilding CXX object CMakeFiles/stereo_particle_slam_node.dir/src/stereo_particle_slam.cpp.o[0m
[100%] [32m[1mLinking CXX executable /home/teobaiguera/Documents/BeerDrone/devel/.private/stereo_particle_slam/lib/stereo_particle_slam/stereo_particle_slam_node[0m
[100%] Built target stereo_particle_slam_node
