[35m[1mScanning dependencies of target rosgraph_msgs_generate_messages_cpp[0m
[35m[1mScanning dependencies of target stereo_particle_slam[0m
[35m[1mScanning dependencies of target roscpp_generate_messages_py[0m
[  0%] Built target rosgraph_msgs_generate_messages_cpp
[  0%] Built target roscpp_generate_messages_py
[35m[1mScanning dependencies of target std_msgs_generate_messages_py[0m
[  0%] Built target std_msgs_generate_messages_py
[35m[1mScanning dependencies of target geometry_msgs_generate_messages_eus[0m
[35m[1mScanning dependencies of target roscpp_generate_messages_nodejs[0m
[  0%] Built target geometry_msgs_generate_messages_eus
[  8%] [32mBuilding CXX object CMakeFiles/stereo_particle_slam.dir/src/stereo_image_processor.cpp.o[0m
[  8%] Built target roscpp_generate_messages_nodejs
[35m[1mScanning dependencies of target roscpp_generate_messages_eus[0m
[  8%] Built target roscpp_generate_messages_eus
[35m[1mScanning dependencies of target roscpp_generate_messages_lisp[0m
[  8%] Built target roscpp_generate_messages_lisp
[35m[1mScanning dependencies of target std_msgs_generate_messages_cpp[0m
[  8%] Built target std_msgs_generate_messages_cpp
[35m[1mScanning dependencies of target geometry_msgs_generate_messages_nodejs[0m
[  8%] Built target geometry_msgs_generate_messages_nodejs
[35m[1mScanning dependencies of target sensor_msgs_generate_messages_py[0m
[  8%] Built target sensor_msgs_generate_messages_py
[35m[1mScanning dependencies of target rosgraph_msgs_generate_messages_nodejs[0m
[  8%] Built target rosgraph_msgs_generate_messages_nodejs
[35m[1mScanning dependencies of target rosgraph_msgs_generate_messages_py[0m
[  8%] Built target rosgraph_msgs_generate_messages_py
[35m[1mScanning dependencies of target std_msgs_generate_messages_eus[0m
[  8%] Built target std_msgs_generate_messages_eus
[35m[1mScanning dependencies of target rosgraph_msgs_generate_messages_eus[0m
[  8%] Built target rosgraph_msgs_generate_messages_eus
[35m[1mScanning dependencies of target rosgraph_msgs_generate_messages_lisp[0m
[  8%] Built target rosgraph_msgs_generate_messages_lisp
[35m[1mScanning dependencies of target std_msgs_generate_messages_lisp[0m
[  8%] Built target std_msgs_generate_messages_lisp
[35m[1mScanning dependencies of target sensor_msgs_generate_messages_cpp[0m
[  8%] Built target sensor_msgs_generate_messages_cpp
[35m[1mScanning dependencies of target sensor_msgs_generate_messages_eus[0m
[  8%] Built target sensor_msgs_generate_messages_eus
[35m[1mScanning dependencies of target std_msgs_generate_messages_nodejs[0m
[  8%] Built target std_msgs_generate_messages_nodejs
[35m[1mScanning dependencies of target sensor_msgs_generate_messages_lisp[0m
[  8%] Built target sensor_msgs_generate_messages_lisp
[35m[1mScanning dependencies of target roscpp_generate_messages_cpp[0m
[  8%] Built target roscpp_generate_messages_cpp
[35m[1mScanning dependencies of target sensor_msgs_generate_messages_nodejs[0m
[  8%] Built target sensor_msgs_generate_messages_nodejs
[35m[1mScanning dependencies of target geometry_msgs_generate_messages_cpp[0m
[  8%] Built target geometry_msgs_generate_messages_cpp
[35m[1mScanning dependencies of target geometry_msgs_generate_messages_lisp[0m
[  8%] Built target geometry_msgs_generate_messages_lisp
[35m[1mScanning dependencies of target geometry_msgs_generate_messages_py[0m
[  8%] Built target geometry_msgs_generate_messages_py
[35m[1mScanning dependencies of target GMock[0m
[ 16%] [34m[1mCreating directories for 'GMock'[0m
[ 25%] [34m[1mNo download step for 'GMock'[0m
[ 33%] [34m[1mNo patch step for 'GMock'[0m
[ 41%] [34m[1mNo update step for 'GMock'[0m
[ 50%] [34m[1mPerforming configure step for 'GMock'[0m
-- The CXX compiler identification is GNU 7.5.0
-- The C compiler identification is GNU 7.5.0
-- Check for working CXX compiler: /usr/bin/c++
-- Check for working CXX compiler: /usr/bin/c++ -- works
-- Detecting CXX compiler ABI info
-- Detecting CXX compiler ABI info - done
-- Detecting CXX compile features
-- Detecting CXX compile features - done
-- Check for working C compiler: /usr/bin/cc
-- Check for working C compiler: /usr/bin/cc -- works
-- Detecting C compiler ABI info
-- Detecting C compiler ABI info - done
-- Detecting C compile features
-- Detecting C compile features - done
-- Found PythonInterp: /usr/bin/python (found version "2.7.17") 
-- Looking for pthread.h
-- Looking for pthread.h - found
-- Looking for pthread_create
-- Looking for pthread_create - not found
-- Looking for pthread_create in pthreads
-- Looking for pthread_create in pthreads - not found
-- Looking for pthread_create in pthread
-- Looking for pthread_create in pthread - found
-- Found Threads: TRUE  
-- Configuring done
-- Generating done
-- Build files have been written to: /home/teobaiguera/Documents/BeerDrone/build/stereo_particle_slam/gmock
[ 58%] [34m[1mPerforming build step for 'GMock'[0m
[35m[1mScanning dependencies of target gmock_main[0m
[  9%] [32mBuilding CXX object CMakeFiles/gmock_main.dir/usr/src/googletest/googletest/src/gtest-all.cc.o[0m
[ 18%] [32mBuilding CXX object CMakeFiles/gmock_main.dir/src/gmock-all.cc.o[0m
[ 66%] [32m[1mLinking CXX shared library /home/teobaiguera/Documents/BeerDrone/devel/.private/stereo_particle_slam/lib/libstereo_particle_slam.so[0m
[ 66%] Built target stereo_particle_slam
[35m[1mScanning dependencies of target gmock[0m
[ 27%] [32mBuilding CXX object CMakeFiles/gmock.dir/usr/src/googletest/googletest/src/gtest-all.cc.o[0m
[ 36%] [32mBuilding CXX object CMakeFiles/gmock.dir/src/gmock-all.cc.o[0m
[ 45%] [32mBuilding CXX object CMakeFiles/gmock_main.dir/src/gmock_main.cc.o[0m
[ 54%] [32m[1mLinking CXX static library libgmock_main.a[0m
[35m[1mScanning dependencies of target gtest[0m
[ 63%] [32mBuilding CXX object gtest/CMakeFiles/gtest.dir/src/gtest-all.cc.o[0m
[ 63%] Built target gmock_main
[ 72%] [32m[1mLinking CXX static library libgmock.a[0m
[35m[1mScanning dependencies of target stereo_particle_slam_node[0m
[ 75%] [32mBuilding CXX object CMakeFiles/stereo_particle_slam_node.dir/src/stereo_particle_slam.cpp.o[0m
[ 72%] Built target gmock
[ 81%] [32m[1mLinking CXX static library libgtest.a[0m
[ 83%] [32m[1mLinking CXX executable /home/teobaiguera/Documents/BeerDrone/devel/.private/stereo_particle_slam/lib/stereo_particle_slam/stereo_particle_slam_node[0m
[ 81%] Built target gtest
[35m[1mScanning dependencies of target gtest_main[0m
[ 90%] [32mBuilding CXX object gtest/CMakeFiles/gtest_main.dir/src/gtest_main.cc.o[0m
[ 83%] Built target stereo_particle_slam_node
[100%] [32m[1mLinking CXX static library libgtest_main.a[0m
[100%] Built target gtest_main
[ 91%] [34m[1mNo install step for 'GMock'[0m
[100%] [34m[1mCompleted 'GMock'[0m
[100%] Built target GMock
