[  0%] Built target rosgraph_msgs_generate_messages_cpp
[  0%] Built target roscpp_generate_messages_py
[  0%] Built target std_msgs_generate_messages_py
[ 16%] Built target stereo_particle_slam
[ 16%] Built target roscpp_generate_messages_nodejs
[ 16%] Built target geometry_msgs_generate_messages_eus
[ 16%] Built target roscpp_generate_messages_eus
[ 16%] Built target roscpp_generate_messages_lisp
[ 16%] Built target geometry_msgs_generate_messages_nodejs
[ 16%] Built target std_msgs_generate_messages_cpp
[ 16%] Built target sensor_msgs_generate_messages_py
[ 16%] Built target rosgraph_msgs_generate_messages_nodejs
[ 16%] Built target rosgraph_msgs_generate_messages_py
[ 16%] Built target std_msgs_generate_messages_eus
[ 16%] Built target rosgraph_msgs_generate_messages_eus
[ 16%] Built target rosgraph_msgs_generate_messages_lisp
[ 16%] Built target std_msgs_generate_messages_lisp
[ 16%] Built target sensor_msgs_generate_messages_cpp
[ 16%] Built target sensor_msgs_generate_messages_eus
[ 16%] Built target std_msgs_generate_messages_nodejs
[ 16%] Built target roscpp_generate_messages_cpp
[ 16%] Built target sensor_msgs_generate_messages_lisp
[ 16%] Built target sensor_msgs_generate_messages_nodejs
[ 16%] Built target geometry_msgs_generate_messages_cpp
[ 16%] Built target geometry_msgs_generate_messages_lisp
[ 16%] Built target geometry_msgs_generate_messages_py
[ 83%] Built target GMock
[35m[1mScanning dependencies of target stereo_particle_slam_node[0m
[ 91%] [32mBuilding CXX object CMakeFiles/stereo_particle_slam_node.dir/src/stereo_particle_slam.cpp.o[0m
[100%] [32m[1mLinking CXX executable /home/teobaiguera/Documents/BeerDrone/devel/.private/stereo_particle_slam/lib/stereo_particle_slam/stereo_particle_slam_node[0m
[100%] Built target stereo_particle_slam_node
