[35m[1mScanning dependencies of target stereo_particle_slam[0m
[  0%] Built target rosgraph_msgs_generate_messages_cpp
[  0%] Built target roscpp_generate_messages_nodejs
[  0%] Built target rosgraph_msgs_generate_messages_eus
[  0%] Built target geometry_msgs_generate_messages_py
[  0%] Built target std_msgs_generate_messages_eus
[  0%] Built target sensor_msgs_generate_messages_py
[  0%] Built target geometry_msgs_generate_messages_nodejs
[  0%] Built target sensor_msgs_generate_messages_lisp
[  0%] Built target roscpp_generate_messages_py
[  0%] Built target geometry_msgs_generate_messages_lisp
[  0%] Built target sensor_msgs_generate_messages_nodejs
[  0%] Built target geometry_msgs_generate_messages_cpp
[  0%] Built target geometry_msgs_generate_messages_eus
[  0%] Built target roscpp_generate_messages_eus
[  0%] Built target sensor_msgs_generate_messages_cpp
[ 25%] Built target sensor_msgs_generate_messages_eus
[ 25%] [32mBuilding CXX object CMakeFiles/stereo_particle_slam.dir/src/stereo_image_processor.cpp.o[0m
[ 25%] Built target roscpp_generate_messages_cpp
[ 25%] Built target roscpp_generate_messages_lisp
[ 25%] Built target rosgraph_msgs_generate_messages_lisp
[ 25%] Built target rosgraph_msgs_generate_messages_py
[ 25%] Built target std_msgs_generate_messages_lisp
[ 25%] Built target rosgraph_msgs_generate_messages_nodejs
[ 25%] Built target std_msgs_generate_messages_py
[ 25%] Built target std_msgs_generate_messages_nodejs
[ 25%] Built target std_msgs_generate_messages_cpp
[01m[K/home/astroteo/Documents/BeerDrone/src/stereo_particle_slam/src/stereo_image_processor.cpp:[m[K In member function ‘[01m[Kvoid StereoImageProcessor::toOpenCV(const ImageConstPtr&, cv::Mat&)[m[K’:
[01m[K/home/astroteo/Documents/BeerDrone/src/stereo_particle_slam/src/stereo_image_processor.cpp:85:3:[m[K [01;31m[Kerror: [m[K‘[01m[Kimage_rgb[m[K’ was not declared in this scope; did you mean ‘[01m[Kimage_ptr[m[K’?
   85 |   [01;31m[Kimage_rgb[m[K = cv_ptr->image;
      |   [01;31m[K^~~~~~~~~[m[K
      |   [32m[Kimage_ptr[m[K
make[2]: *** [CMakeFiles/stereo_particle_slam.dir/build.make:63: CMakeFiles/stereo_particle_slam.dir/src/stereo_image_processor.cpp.o] Error 1
make[1]: *** [CMakeFiles/Makefile2:516: CMakeFiles/stereo_particle_slam.dir/all] Error 2
make: *** [Makefile:141: all] Error 2
