[35m[1mScanning dependencies of target stereo_particle_slam[0m
[  0%] Built target geometry_msgs_generate_messages_cpp
[  0%] Built target geometry_msgs_generate_messages_py
[  0%] Built target geometry_msgs_generate_messages_eus
[  0%] Built target roscpp_generate_messages_nodejs
[  0%] Built target std_msgs_generate_messages_eus
[  0%] Built target rosgraph_msgs_generate_messages_eus
[  0%] Built target geometry_msgs_generate_messages_lisp
[  0%] Built target rosgraph_msgs_generate_messages_cpp
[  0%] Built target geometry_msgs_generate_messages_nodejs
[  0%] Built target roscpp_generate_messages_eus
[  0%] Built target sensor_msgs_generate_messages_nodejs
[  0%] Built target roscpp_generate_messages_py
[  0%] Built target sensor_msgs_generate_messages_py
[  0%] Built target sensor_msgs_generate_messages_lisp
[ 25%] [32mBuilding CXX object CMakeFiles/stereo_particle_slam.dir/src/stereo_image_processor.cpp.o[0m
[ 25%] Built target std_msgs_generate_messages_lisp
[ 25%] Built target rosgraph_msgs_generate_messages_py
[ 25%] Built target sensor_msgs_generate_messages_eus
[ 25%] Built target rosgraph_msgs_generate_messages_lisp
[ 25%] Built target std_msgs_generate_messages_py
[ 25%] Built target rosgraph_msgs_generate_messages_nodejs
[ 25%] Built target std_msgs_generate_messages_cpp
[ 25%] Built target std_msgs_generate_messages_nodejs
[ 25%] Built target sensor_msgs_generate_messages_cpp
[ 25%] Built target roscpp_generate_messages_lisp
[ 25%] Built target roscpp_generate_messages_cpp
[01m[K/home/astroteo/Documents/BeerDrone/src/stereo_particle_slam/src/stereo_image_processor.cpp:[m[K In member function ‘[01m[Kvoid StereoImageProcessor::solveStereo()[m[K’:
[01m[K/home/astroteo/Documents/BeerDrone/src/stereo_particle_slam/src/stereo_image_processor.cpp:138:10:[m[K [01;31m[Kerror: [m[K‘[01m[Kautp[m[K’ was not declared in this scope; did you mean ‘[01m[Kauto[m[K’?
  138 |     for ([01;31m[Kautp[m[K pt : points_left)
      |          [01;31m[K^~~~[m[K
      |          [32m[Kauto[m[K
[01m[K/home/astroteo/Documents/BeerDrone/src/stereo_particle_slam/src/stereo_image_processor.cpp:144:5:[m[K [01;31m[Kerror: [m[Kexpected primary-expression before ‘[01m[Kfor[m[K’
  144 |     [01;31m[Kfor[m[K (autp pt : points_right)
      |     [01;31m[K^~~[m[K
[01m[K/home/astroteo/Documents/BeerDrone/src/stereo_particle_slam/src/stereo_image_processor.cpp:141:87:[m[K [01;31m[Kerror: [m[Kexpected ‘[01m[K)[m[K’ before ‘[01m[Kfor[m[K’
  141 |     cv::imwrite("imgLeft" + std::to_string(matched_frames) + ".png",this->left_image);
      |                                                                                       [01;31m[K^[m[K
      |                                                                                       [32m[K)[m[K
......
  144 |     [32m[Kfor[m[K (autp pt : points_right)
      |     [32m[K~~~[m[K                                                                                
[01m[K/home/astroteo/Documents/BeerDrone/src/stereo_particle_slam/src/stereo_image_processor.cpp:138:9:[m[K [01;36m[Knote: [m[Kto match this ‘[01m[K([m[K’
  138 |     for [01;36m[K([m[Kautp pt : points_left)
      |         [01;36m[K^[m[K
[01m[K/home/astroteo/Documents/BeerDrone/src/stereo_particle_slam/src/stereo_image_processor.cpp:144:14:[m[K [01;31m[Kerror: [m[Kexpected ‘[01m[K;[m[K’ before ‘[01m[Kpt[m[K’
  144 |     for (autp[01;31m[K [m[K[32m[Kpt[m[K : points_right)
      |              [01;31m[K^[m[K[32m[K~~[m[K
      |              [32m[K;[m[K
[01m[K/home/astroteo/Documents/BeerDrone/src/stereo_particle_slam/src/stereo_image_processor.cpp:150:17:[m[K [01;31m[Kerror: [m[Kexpected primary-expression before ‘[01m[Kfname[m[K’
  150 |     std::string [01;31m[Kfname[m[K = dataset_path + "keypoints_frame" + std::to_string(matched_frames) + ".txt";
      |                 [01;31m[K^~~~~[m[K
[01m[K/home/astroteo/Documents/BeerDrone/src/stereo_particle_slam/src/stereo_image_processor.cpp:150:16:[m[K [01;31m[Kerror: [m[Kexpected ‘[01m[K)[m[K’ before ‘[01m[Kfname[m[K’
  150 |     std::string[01;31m[K [m[K[32m[Kfname[m[K = dataset_path + "keypoints_frame" + std::to_string(matched_frames) + ".txt";
      |                [01;31m[K^[m[K[32m[K~~~~~[m[K
      |                [32m[K)[m[K
[01m[K/home/astroteo/Documents/BeerDrone/src/stereo_particle_slam/src/stereo_image_processor.cpp:144:9:[m[K [01;36m[Knote: [m[Kto match this ‘[01m[K([m[K’
  144 |     for [01;36m[K([m[Kautp pt : points_right)
      |         [01;36m[K^[m[K
[01m[K/home/astroteo/Documents/BeerDrone/src/stereo_particle_slam/src/stereo_image_processor.cpp:150:17:[m[K [01;31m[Kerror: [m[K‘[01m[Kfname[m[K’ was not declared in this scope; did you mean ‘[01m[Krename[m[K’?
  150 |     std::string [01;31m[Kfname[m[K = dataset_path + "keypoints_frame" + std::to_string(matched_frames) + ".txt";
      |                 [01;31m[K^~~~~[m[K
      |                 [32m[Krename[m[K
[01m[K/home/astroteo/Documents/BeerDrone/src/stereo_particle_slam/src/stereo_image_processor.cpp:151:5:[m[K [01;31m[Kerror: [m[K‘[01m[Kofstream[m[K’ was not declared in this scope; did you mean ‘[01m[Kstd::ofstream[m[K’?
  151 |     [01;31m[Kofstream[m[K kpfile;
      |     [01;31m[K^~~~~~~~[m[K
      |     [32m[Kstd::ofstream[m[K
In file included from [01m[K/usr/include/c++/9/bits/localefwd.h:41[m[K,
                 from [01m[K/usr/include/c++/9/string:43[m[K,
                 from [01m[K/usr/include/c++/9/stdexcept:39[m[K,
                 from [01m[K/usr/include/c++/9/array:39[m[K,
                 from [01m[K/usr/include/opencv4/opencv2/core/cvdef.h:710[m[K,
                 from [01m[K/usr/include/opencv4/opencv2/core.hpp:52[m[K,
                 from [01m[K/usr/include/opencv4/opencv2/opencv.hpp:52[m[K,
                 from [01m[K/home/astroteo/Documents/BeerDrone/src/stereo_particle_slam/include/stereo_particle_slam/stereo_image_processor.hh:1[m[K,
                 from [01m[K/home/astroteo/Documents/BeerDrone/src/stereo_particle_slam/src/stereo_image_processor.cpp:1[m[K:
[01m[K/usr/include/c++/9/iosfwd:165:34:[m[K [01;36m[Knote: [m[K‘[01m[Kstd::ofstream[m[K’ declared here
  165 |   typedef basic_ofstream<char>   [01;36m[Kofstream[m[K;
      |                                  [01;36m[K^~~~~~~~[m[K
[01m[K/home/astroteo/Documents/BeerDrone/src/stereo_particle_slam/src/stereo_image_processor.cpp:152:5:[m[K [01;31m[Kerror: [m[K‘[01m[Kkpfile[m[K’ was not declared in this scope; did you mean ‘[01m[Ktmpfile[m[K’?
  152 |     [01;31m[Kkpfile[m[K.open (fname, fstream::app);
      |     [01;31m[K^~~~~~[m[K
      |     [32m[Ktmpfile[m[K
[01m[K/home/astroteo/Documents/BeerDrone/src/stereo_particle_slam/src/stereo_image_processor.cpp:152:18:[m[K [01;31m[Kerror: [m[K‘[01m[Kfname[m[K’ was not declared in this scope; did you mean ‘[01m[Krename[m[K’?
  152 |     kpfile.open ([01;31m[Kfname[m[K, fstream::app);
      |                  [01;31m[K^~~~~[m[K
      |                  [32m[Krename[m[K
[01m[K/home/astroteo/Documents/BeerDrone/src/stereo_particle_slam/src/stereo_image_processor.cpp:152:25:[m[K [01;31m[Kerror: [m[K‘[01m[Kfstream[m[K’ has not been declared
  152 |     kpfile.open (fname, [01;31m[Kfstream[m[K::app);
      |                         [01;31m[K^~~~~~~[m[K
[01m[K/home/astroteo/Documents/BeerDrone/src/stereo_particle_slam/src/stereo_image_processor.cpp:154:5:[m[K [01;31m[Kerror: [m[K‘[01m[Kfile[m[K’ was not declared in this scope
  154 |     [01;31m[Kfile[m[K << filetext;
      |     [01;31m[K^~~~[m[K
[01m[K/home/astroteo/Documents/BeerDrone/src/stereo_particle_slam/src/stereo_image_processor.cpp:154:13:[m[K [01;31m[Kerror: [m[K‘[01m[Kfiletext[m[K’ was not declared in this scope
  154 |     file << [01;31m[Kfiletext[m[K;
      |             [01;31m[K^~~~~~~~[m[K
make[2]: *** [CMakeFiles/stereo_particle_slam.dir/build.make:63: CMakeFiles/stereo_particle_slam.dir/src/stereo_image_processor.cpp.o] Error 1
make[1]: *** [CMakeFiles/Makefile2:516: CMakeFiles/stereo_particle_slam.dir/all] Error 2
make: *** [Makefile:141: all] Error 2
