[35m[1mScanning dependencies of target stereo_particle_slam[0m
[  0%] Built target sensor_msgs_generate_messages_py
[  0%] Built target geometry_msgs_generate_messages_eus
[  0%] Built target std_msgs_generate_messages_eus
[  0%] Built target roscpp_generate_messages_nodejs
[  0%] Built target geometry_msgs_generate_messages_lisp
[  0%] Built target rosgraph_msgs_generate_messages_cpp
[  0%] Built target geometry_msgs_generate_messages_py
[  0%] Built target geometry_msgs_generate_messages_cpp
[  0%] Built target geometry_msgs_generate_messages_nodejs
[  0%] Built target sensor_msgs_generate_messages_lisp
[  0%] Built target rosgraph_msgs_generate_messages_eus
[  0%] Built target roscpp_generate_messages_py
[  0%] Built target sensor_msgs_generate_messages_nodejs
[  0%] Built target roscpp_generate_messages_eus
[ 25%] [32mBuilding CXX object CMakeFiles/stereo_particle_slam.dir/src/stereo_image_processor.cpp.o[0m
[ 25%] Built target roscpp_generate_messages_lisp
[ 25%] Built target roscpp_generate_messages_cpp
[ 25%] Built target std_msgs_generate_messages_nodejs
[ 25%] Built target rosgraph_msgs_generate_messages_py
[ 25%] Built target std_msgs_generate_messages_lisp
[ 25%] Built target sensor_msgs_generate_messages_eus
[ 25%] Built target rosgraph_msgs_generate_messages_lisp
[ 25%] Built target std_msgs_generate_messages_py
[ 25%] Built target rosgraph_msgs_generate_messages_nodejs
[ 25%] Built target sensor_msgs_generate_messages_cpp
[ 25%] Built target std_msgs_generate_messages_cpp
[ 50%] [32m[1mLinking CXX shared library /home/astroteo/Documents/BeerDrone/devel/.private/stereo_particle_slam/lib/libstereo_particle_slam.so[0m
[ 50%] Built target stereo_particle_slam
[ 75%] [32m[1mLinking CXX executable /home/astroteo/Documents/BeerDrone/devel/.private/stereo_particle_slam/lib/stereo_particle_slam/stereo_particle_slam_node[0m
[100%] Built target stereo_particle_slam_node
