In file included from [01m[K/usr/include/opencv4/opencv2/opencv.hpp:74[m[K,
                 from [01m[K/home/astroteo/Documents/BeerDrone/src/stereo_particle_slam/include/stereo_particle_slam/stereo_image_processor.hh:1[m[K,
                 from [01m[K/home/astroteo/Documents/BeerDrone/src/stereo_particle_slam/src/stereo_image_processor.cpp:1[m[K:
[01m[K/home/astroteo/Documents/BeerDrone/src/stereo_particle_slam/src/stereo_image_processor.cpp:[m[K In member function ‘[01m[Kvoid StereoImageProcessor::solveStereo()[m[K’:
[01m[K/usr/include/opencv4/opencv2/imgproc.hpp:4269:30:[m[K [01;31m[Kerror: [m[Kcannot convert ‘[01m[Kcv::Scalar[m[K’ {aka ‘[01m[Kcv::Scalar_<double>[m[K’} to ‘[01m[Kint[m[K’
 4269 | #define CV_RGB(r, g, b)  cv::[01;31m[KScalar((b), (g), (r), 0)[m[K
      |                              [01;31m[K^~~~~~~~~~~~~~~~~~~~~~~~[m[K
      |                              [01;31m[K|[m[K
      |                              [01;31m[Kcv::Scalar {aka cv::Scalar_<double>}[m[K
[01m[K/home/astroteo/Documents/BeerDrone/src/stereo_particle_slam/src/stereo_image_processor.cpp:139:34:[m[K [01;36m[Knote: [m[Kin expansion of macro ‘[01m[KCV_RGB[m[K’
  139 |       circle(this->left_image,pt,[01;36m[KCV_RGB[m[K(255,0,0),3);
      |                                  [01;36m[K^~~~~~[m[K
[01m[K/usr/include/opencv4/opencv2/imgproc.hpp:4348:66:[m[K [01;36m[Knote: [m[K  initializing argument 3 of ‘[01m[Kvoid cv::circle(cv::InputOutputArray, cv::Point, int, const Scalar&, int, int, int)[m[K’
 4348 | CV_EXPORTS_W void circle(InputOutputArray img, Point center, [01;36m[Kint radius[m[K,
      |                                                              [01;36m[K~~~~^~~~~~[m[K
[01m[K/usr/include/opencv4/opencv2/imgproc.hpp:4269:30:[m[K [01;31m[Kerror: [m[Kcannot convert ‘[01m[Kcv::Scalar[m[K’ {aka ‘[01m[Kcv::Scalar_<double>[m[K’} to ‘[01m[Kint[m[K’
 4269 | #define CV_RGB(r, g, b)  cv::[01;31m[KScalar((b), (g), (r), 0)[m[K
      |                              [01;31m[K^~~~~~~~~~~~~~~~~~~~~~~~[m[K
      |                              [01;31m[K|[m[K
      |                              [01;31m[Kcv::Scalar {aka cv::Scalar_<double>}[m[K
[01m[K/home/astroteo/Documents/BeerDrone/src/stereo_particle_slam/src/stereo_image_processor.cpp:145:35:[m[K [01;36m[Knote: [m[Kin expansion of macro ‘[01m[KCV_RGB[m[K’
  145 |       circle(this->right_image,pt,[01;36m[KCV_RGB[m[K(255,0,0),3);
      |                                   [01;36m[K^~~~~~[m[K
[01m[K/usr/include/opencv4/opencv2/imgproc.hpp:4348:66:[m[K [01;36m[Knote: [m[K  initializing argument 3 of ‘[01m[Kvoid cv::circle(cv::InputOutputArray, cv::Point, int, const Scalar&, int, int, int)[m[K’
 4348 | CV_EXPORTS_W void circle(InputOutputArray img, Point center, [01;36m[Kint radius[m[K,
      |                                                              [01;36m[K~~~~^~~~~~[m[K
[01m[K/home/astroteo/Documents/BeerDrone/src/stereo_particle_slam/src/stereo_image_processor.cpp:151:5:[m[K [01;31m[Kerror: [m[K‘[01m[Kofstream[m[K’ was not declared in this scope; did you mean ‘[01m[Kstd::ofstream[m[K’?
  151 |     [01;31m[Kofstream[m[K kpfile;
      |     [01;31m[K^~~~~~~~[m[K
      |     [32m[Kstd::ofstream[m[K
In file included from [01m[K/usr/include/c++/9/bits/localefwd.h:41[m[K,
                 from [01m[K/usr/include/c++/9/string:43[m[K,
                 from [01m[K/usr/include/c++/9/stdexcept:39[m[K,
                 from [01m[K/usr/include/c++/9/array:39[m[K,
                 from [01m[K/usr/include/opencv4/opencv2/core/cvdef.h:710[m[K,
                 from [01m[K/usr/include/opencv4/opencv2/core.hpp:52[m[K,
                 from [01m[K/usr/include/opencv4/opencv2/opencv.hpp:52[m[K,
                 from [01m[K/home/astroteo/Documents/BeerDrone/src/stereo_particle_slam/include/stereo_particle_slam/stereo_image_processor.hh:1[m[K,
                 from [01m[K/home/astroteo/Documents/BeerDrone/src/stereo_particle_slam/src/stereo_image_processor.cpp:1[m[K:
[01m[K/usr/include/c++/9/iosfwd:165:34:[m[K [01;36m[Knote: [m[K‘[01m[Kstd::ofstream[m[K’ declared here
  165 |   typedef basic_ofstream<char>   [01;36m[Kofstream[m[K;
      |                                  [01;36m[K^~~~~~~~[m[K
[01m[K/home/astroteo/Documents/BeerDrone/src/stereo_particle_slam/src/stereo_image_processor.cpp:152:5:[m[K [01;31m[Kerror: [m[K‘[01m[Kkpfile[m[K’ was not declared in this scope; did you mean ‘[01m[Ktmpfile[m[K’?
  152 |     [01;31m[Kkpfile[m[K.open (fname, fstream::app);
      |     [01;31m[K^~~~~~[m[K
      |     [32m[Ktmpfile[m[K
[01m[K/home/astroteo/Documents/BeerDrone/src/stereo_particle_slam/src/stereo_image_processor.cpp:152:25:[m[K [01;31m[Kerror: [m[K‘[01m[Kfstream[m[K’ has not been declared
  152 |     kpfile.open (fname, [01;31m[Kfstream[m[K::app);
      |                         [01;31m[K^~~~~~~[m[K
make[2]: *** [CMakeFiles/stereo_particle_slam.dir/build.make:63: CMakeFiles/stereo_particle_slam.dir/src/stereo_image_processor.cpp.o] Error 1
make[1]: *** [CMakeFiles/Makefile2:516: CMakeFiles/stereo_particle_slam.dir/all] Error 2
make: *** [Makefile:141: all] Error 2
