[35m[1mScanning dependencies of target stereo_particle_slam[0m
[  0%] Built target roscpp_generate_messages_py
[  0%] Built target rosgraph_msgs_generate_messages_cpp
[  8%] [32mBuilding CXX object CMakeFiles/stereo_particle_slam.dir/src/stereo_image_processor.cpp.o[0m
[  8%] Built target std_msgs_generate_messages_py
[  8%] Built target geometry_msgs_generate_messages_eus
[  8%] Built target roscpp_generate_messages_nodejs
[  8%] Built target roscpp_generate_messages_eus
[  8%] Built target roscpp_generate_messages_lisp
[  8%] Built target std_msgs_generate_messages_cpp
[  8%] Built target geometry_msgs_generate_messages_nodejs
[  8%] Built target sensor_msgs_generate_messages_py
[  8%] Built target rosgraph_msgs_generate_messages_nodejs
[  8%] Built target rosgraph_msgs_generate_messages_py
[  8%] Built target std_msgs_generate_messages_eus
[  8%] Built target rosgraph_msgs_generate_messages_eus
[  8%] Built target rosgraph_msgs_generate_messages_lisp
[  8%] Built target std_msgs_generate_messages_lisp
[  8%] Built target sensor_msgs_generate_messages_cpp
[  8%] Built target sensor_msgs_generate_messages_eus
[  8%] Built target sensor_msgs_generate_messages_lisp
[  8%] Built target std_msgs_generate_messages_nodejs
[  8%] Built target roscpp_generate_messages_cpp
[  8%] Built target sensor_msgs_generate_messages_nodejs
[  8%] Built target geometry_msgs_generate_messages_cpp
[  8%] Built target geometry_msgs_generate_messages_py
[  8%] Built target geometry_msgs_generate_messages_lisp
[ 75%] Built target GMock
[01m[K/home/teobaiguera/Documents/BeerDrone/src/stereo_particle_slam/src/stereo_image_processor.cpp:[m[K In member function ‘[01m[Kvoid StereoImageProcessor::matchORB()[m[K’:
[01m[K/home/teobaiguera/Documents/BeerDrone/src/stereo_particle_slam/src/stereo_image_processor.cpp:120:5:[m[K [01;31m[Kerror: [m[Kexpected ‘[01m[K;[m[K’ before ‘[01m[K}[m[K’ token
     [01;31m[K}[m[K
     [01;31m[K^[m[K
CMakeFiles/stereo_particle_slam.dir/build.make:62: recipe for target 'CMakeFiles/stereo_particle_slam.dir/src/stereo_image_processor.cpp.o' failed
make[2]: *** [CMakeFiles/stereo_particle_slam.dir/src/stereo_image_processor.cpp.o] Error 1
CMakeFiles/Makefile2:1126: recipe for target 'CMakeFiles/stereo_particle_slam.dir/all' failed
make[1]: *** [CMakeFiles/stereo_particle_slam.dir/all] Error 2
Makefile:140: recipe for target 'all' failed
make: *** [all] Error 2
