Determining if the pthread_create exist failed with the following output:
Change Dir: /home/teobaiguera/Documents/BeerDrone/build/offb/gmock/CMakeFiles/CMakeTmp

Run Build Command:"/usr/bin/make" "cmTC_cb91d/fast"
make[3]: Entering directory '/home/teobaiguera/Documents/BeerDrone/build/offb/gmock/CMakeFiles/CMakeTmp'
/usr/bin/make -f CMakeFiles/cmTC_cb91d.dir/build.make CMakeFiles/cmTC_cb91d.dir/build
make[4]: Entering directory '/home/teobaiguera/Documents/BeerDrone/build/offb/gmock/CMakeFiles/CMakeTmp'
Building C object CMakeFiles/cmTC_cb91d.dir/CheckSymbolExists.c.o
/usr/bin/cc    -o CMakeFiles/cmTC_cb91d.dir/CheckSymbolExists.c.o   -c /home/teobaiguera/Documents/BeerDrone/build/offb/gmock/CMakeFiles/CMakeTmp/CheckSymbolExists.c
Linking C executable cmTC_cb91d
/usr/bin/cmake -E cmake_link_script CMakeFiles/cmTC_cb91d.dir/link.txt --verbose=1
/usr/bin/cc      -rdynamic CMakeFiles/cmTC_cb91d.dir/CheckSymbolExists.c.o  -o cmTC_cb91d 
CMakeFiles/cmTC_cb91d.dir/CheckSymbolExists.c.o: In function `main':
CheckSymbolExists.c:(.text+0x1b): undefined reference to `pthread_create'
collect2: error: ld returned 1 exit status
CMakeFiles/cmTC_cb91d.dir/build.make:97: recipe for target 'cmTC_cb91d' failed
make[4]: *** [cmTC_cb91d] Error 1
make[4]: Leaving directory '/home/teobaiguera/Documents/BeerDrone/build/offb/gmock/CMakeFiles/CMakeTmp'
Makefile:126: recipe for target 'cmTC_cb91d/fast' failed
make[3]: *** [cmTC_cb91d/fast] Error 2
make[3]: Leaving directory '/home/teobaiguera/Documents/BeerDrone/build/offb/gmock/CMakeFiles/CMakeTmp'

File /home/teobaiguera/Documents/BeerDrone/build/offb/gmock/CMakeFiles/CMakeTmp/CheckSymbolExists.c:
/* */
#include <pthread.h>

int main(int argc, char** argv)
{
  (void)argv;
#ifndef pthread_create
  return ((int*)(&pthread_create))[argc];
#else
  (void)argc;
  return 0;
#endif
}

Determining if the function pthread_create exists in the pthreads failed with the following output:
Change Dir: /home/teobaiguera/Documents/BeerDrone/build/offb/gmock/CMakeFiles/CMakeTmp

Run Build Command:"/usr/bin/make" "cmTC_4ae1a/fast"
make[3]: Entering directory '/home/teobaiguera/Documents/BeerDrone/build/offb/gmock/CMakeFiles/CMakeTmp'
/usr/bin/make -f CMakeFiles/cmTC_4ae1a.dir/build.make CMakeFiles/cmTC_4ae1a.dir/build
make[4]: Entering directory '/home/teobaiguera/Documents/BeerDrone/build/offb/gmock/CMakeFiles/CMakeTmp'
Building C object CMakeFiles/cmTC_4ae1a.dir/CheckFunctionExists.c.o
/usr/bin/cc   -DCHECK_FUNCTION_EXISTS=pthread_create   -o CMakeFiles/cmTC_4ae1a.dir/CheckFunctionExists.c.o   -c /usr/share/cmake-3.10/Modules/CheckFunctionExists.c
Linking C executable cmTC_4ae1a
/usr/bin/cmake -E cmake_link_script CMakeFiles/cmTC_4ae1a.dir/link.txt --verbose=1
/usr/bin/cc  -DCHECK_FUNCTION_EXISTS=pthread_create    -rdynamic CMakeFiles/cmTC_4ae1a.dir/CheckFunctionExists.c.o  -o cmTC_4ae1a -lpthreads 
/usr/bin/ld: cannot find -lpthreads
collect2: error: ld returned 1 exit status
CMakeFiles/cmTC_4ae1a.dir/build.make:97: recipe for target 'cmTC_4ae1a' failed
make[4]: *** [cmTC_4ae1a] Error 1
make[4]: Leaving directory '/home/teobaiguera/Documents/BeerDrone/build/offb/gmock/CMakeFiles/CMakeTmp'
Makefile:126: recipe for target 'cmTC_4ae1a/fast' failed
make[3]: *** [cmTC_4ae1a/fast] Error 2
make[3]: Leaving directory '/home/teobaiguera/Documents/BeerDrone/build/offb/gmock/CMakeFiles/CMakeTmp'


