Determining if the pthread_create exist failed with the following output:
Change Dir: /home/teobaiguera/Documents/BeerDrone/build/catkin_tools_prebuild/CMakeFiles/CMakeTmp

Run Build Command:"/usr/bin/make" "cmTC_e60a0/fast"
/usr/bin/make -f CMakeFiles/cmTC_e60a0.dir/build.make CMakeFiles/cmTC_e60a0.dir/build
make[1]: Entering directory '/home/teobaiguera/Documents/BeerDrone/build/catkin_tools_prebuild/CMakeFiles/CMakeTmp'
Building C object CMakeFiles/cmTC_e60a0.dir/CheckSymbolExists.c.o
/usr/bin/cc    -o CMakeFiles/cmTC_e60a0.dir/CheckSymbolExists.c.o   -c /home/teobaiguera/Documents/BeerDrone/build/catkin_tools_prebuild/CMakeFiles/CMakeTmp/CheckSymbolExists.c
Linking C executable cmTC_e60a0
/usr/bin/cmake -E cmake_link_script CMakeFiles/cmTC_e60a0.dir/link.txt --verbose=1
/usr/bin/cc      -rdynamic CMakeFiles/cmTC_e60a0.dir/CheckSymbolExists.c.o  -o cmTC_e60a0 
CMakeFiles/cmTC_e60a0.dir/CheckSymbolExists.c.o: In function `main':
CheckSymbolExists.c:(.text+0x1b): undefined reference to `pthread_create'
collect2: error: ld returned 1 exit status
CMakeFiles/cmTC_e60a0.dir/build.make:97: recipe for target 'cmTC_e60a0' failed
make[1]: *** [cmTC_e60a0] Error 1
make[1]: Leaving directory '/home/teobaiguera/Documents/BeerDrone/build/catkin_tools_prebuild/CMakeFiles/CMakeTmp'
Makefile:126: recipe for target 'cmTC_e60a0/fast' failed
make: *** [cmTC_e60a0/fast] Error 2

File /home/teobaiguera/Documents/BeerDrone/build/catkin_tools_prebuild/CMakeFiles/CMakeTmp/CheckSymbolExists.c:
/* */
#include <pthread.h>

int main(int argc, char** argv)
{
  (void)argv;
#ifndef pthread_create
  return ((int*)(&pthread_create))[argc];
#else
  (void)argc;
  return 0;
#endif
}

Determining if the function pthread_create exists in the pthreads failed with the following output:
Change Dir: /home/teobaiguera/Documents/BeerDrone/build/catkin_tools_prebuild/CMakeFiles/CMakeTmp

Run Build Command:"/usr/bin/make" "cmTC_d73bb/fast"
/usr/bin/make -f CMakeFiles/cmTC_d73bb.dir/build.make CMakeFiles/cmTC_d73bb.dir/build
make[1]: Entering directory '/home/teobaiguera/Documents/BeerDrone/build/catkin_tools_prebuild/CMakeFiles/CMakeTmp'
Building C object CMakeFiles/cmTC_d73bb.dir/CheckFunctionExists.c.o
/usr/bin/cc   -DCHECK_FUNCTION_EXISTS=pthread_create   -o CMakeFiles/cmTC_d73bb.dir/CheckFunctionExists.c.o   -c /usr/share/cmake-3.10/Modules/CheckFunctionExists.c
Linking C executable cmTC_d73bb
/usr/bin/cmake -E cmake_link_script CMakeFiles/cmTC_d73bb.dir/link.txt --verbose=1
/usr/bin/cc  -DCHECK_FUNCTION_EXISTS=pthread_create    -rdynamic CMakeFiles/cmTC_d73bb.dir/CheckFunctionExists.c.o  -o cmTC_d73bb -lpthreads 
/usr/bin/ld: cannot find -lpthreads
collect2: error: ld returned 1 exit status
CMakeFiles/cmTC_d73bb.dir/build.make:97: recipe for target 'cmTC_d73bb' failed
make[1]: *** [cmTC_d73bb] Error 1
make[1]: Leaving directory '/home/teobaiguera/Documents/BeerDrone/build/catkin_tools_prebuild/CMakeFiles/CMakeTmp'
Makefile:126: recipe for target 'cmTC_d73bb/fast' failed
make: *** [cmTC_d73bb/fast] Error 2


