Determining if the pthread_create exist failed with the following output:
Change Dir: /home/teobaiguera/Documents/BeerDrone/build/stereo_particle_slam/gmock/CMakeFiles/CMakeTmp

Run Build Command:"/usr/bin/make" "cmTC_31448/fast"
make[3]: Entering directory '/home/teobaiguera/Documents/BeerDrone/build/stereo_particle_slam/gmock/CMakeFiles/CMakeTmp'
/usr/bin/make -f CMakeFiles/cmTC_31448.dir/build.make CMakeFiles/cmTC_31448.dir/build
make[4]: Entering directory '/home/teobaiguera/Documents/BeerDrone/build/stereo_particle_slam/gmock/CMakeFiles/CMakeTmp'
Building C object CMakeFiles/cmTC_31448.dir/CheckSymbolExists.c.o
/usr/bin/cc    -o CMakeFiles/cmTC_31448.dir/CheckSymbolExists.c.o   -c /home/teobaiguera/Documents/BeerDrone/build/stereo_particle_slam/gmock/CMakeFiles/CMakeTmp/CheckSymbolExists.c
Linking C executable cmTC_31448
/usr/bin/cmake -E cmake_link_script CMakeFiles/cmTC_31448.dir/link.txt --verbose=1
/usr/bin/cc      -rdynamic CMakeFiles/cmTC_31448.dir/CheckSymbolExists.c.o  -o cmTC_31448 
CMakeFiles/cmTC_31448.dir/CheckSymbolExists.c.o: In function `main':
CheckSymbolExists.c:(.text+0x1b): undefined reference to `pthread_create'
collect2: error: ld returned 1 exit status
CMakeFiles/cmTC_31448.dir/build.make:97: recipe for target 'cmTC_31448' failed
make[4]: *** [cmTC_31448] Error 1
make[4]: Leaving directory '/home/teobaiguera/Documents/BeerDrone/build/stereo_particle_slam/gmock/CMakeFiles/CMakeTmp'
Makefile:126: recipe for target 'cmTC_31448/fast' failed
make[3]: *** [cmTC_31448/fast] Error 2
make[3]: Leaving directory '/home/teobaiguera/Documents/BeerDrone/build/stereo_particle_slam/gmock/CMakeFiles/CMakeTmp'

File /home/teobaiguera/Documents/BeerDrone/build/stereo_particle_slam/gmock/CMakeFiles/CMakeTmp/CheckSymbolExists.c:
/* */
#include <pthread.h>

int main(int argc, char** argv)
{
  (void)argv;
#ifndef pthread_create
  return ((int*)(&pthread_create))[argc];
#else
  (void)argc;
  return 0;
#endif
}

Determining if the function pthread_create exists in the pthreads failed with the following output:
Change Dir: /home/teobaiguera/Documents/BeerDrone/build/stereo_particle_slam/gmock/CMakeFiles/CMakeTmp

Run Build Command:"/usr/bin/make" "cmTC_18b35/fast"
make[3]: Entering directory '/home/teobaiguera/Documents/BeerDrone/build/stereo_particle_slam/gmock/CMakeFiles/CMakeTmp'
/usr/bin/make -f CMakeFiles/cmTC_18b35.dir/build.make CMakeFiles/cmTC_18b35.dir/build
make[4]: Entering directory '/home/teobaiguera/Documents/BeerDrone/build/stereo_particle_slam/gmock/CMakeFiles/CMakeTmp'
Building C object CMakeFiles/cmTC_18b35.dir/CheckFunctionExists.c.o
/usr/bin/cc   -DCHECK_FUNCTION_EXISTS=pthread_create   -o CMakeFiles/cmTC_18b35.dir/CheckFunctionExists.c.o   -c /usr/share/cmake-3.10/Modules/CheckFunctionExists.c
Linking C executable cmTC_18b35
/usr/bin/cmake -E cmake_link_script CMakeFiles/cmTC_18b35.dir/link.txt --verbose=1
/usr/bin/cc  -DCHECK_FUNCTION_EXISTS=pthread_create    -rdynamic CMakeFiles/cmTC_18b35.dir/CheckFunctionExists.c.o  -o cmTC_18b35 -lpthreads 
/usr/bin/ld: cannot find -lpthreads
collect2: error: ld returned 1 exit status
CMakeFiles/cmTC_18b35.dir/build.make:97: recipe for target 'cmTC_18b35' failed
make[4]: *** [cmTC_18b35] Error 1
make[4]: Leaving directory '/home/teobaiguera/Documents/BeerDrone/build/stereo_particle_slam/gmock/CMakeFiles/CMakeTmp'
Makefile:126: recipe for target 'cmTC_18b35/fast' failed
make[3]: *** [cmTC_18b35/fast] Error 2
make[3]: Leaving directory '/home/teobaiguera/Documents/BeerDrone/build/stereo_particle_slam/gmock/CMakeFiles/CMakeTmp'


