[35m[1mScanning dependencies of target GMock[0m
[35m[1mScanning dependencies of target offb_node[0m
[ 10%] [34m[1mCreating directories for 'GMock'[0m
[ 20%] [32mBuilding CXX object CMakeFiles/offb_node.dir/src/offb_node.cpp.o[0m
[ 30%] [34m[1mNo download step for 'GMock'[0m
[ 40%] [34m[1mNo patch step for 'GMock'[0m
[ 50%] [34m[1mNo update step for 'GMock'[0m
[ 60%] [34m[1mPerforming configure step for 'GMock'[0m
-- The CXX compiler identification is GNU 7.5.0
-- The C compiler identification is GNU 7.5.0
-- Check for working CXX compiler: /usr/bin/c++
-- Check for working CXX compiler: /usr/bin/c++ -- works
-- Detecting CXX compiler ABI info
-- Detecting CXX compiler ABI info - done
-- Detecting CXX compile features
-- Detecting CXX compile features - done
-- Check for working C compiler: /usr/bin/cc
-- Check for working C compiler: /usr/bin/cc -- works
-- Detecting C compiler ABI info
-- Detecting C compiler ABI info - done
-- Detecting C compile features
-- Detecting C compile features - done
-- Found PythonInterp: /usr/bin/python (found version "2.7.17") 
-- Looking for pthread.h
-- Looking for pthread.h - found
-- Looking for pthread_create
-- Looking for pthread_create - not found
-- Looking for pthread_create in pthreads
-- Looking for pthread_create in pthreads - not found
-- Looking for pthread_create in pthread
-- Looking for pthread_create in pthread - found
-- Found Threads: TRUE  
-- Configuring done
-- Generating done
-- Build files have been written to: /home/teobaiguera/Documents/BeerDrone/build/offb/gmock
[ 70%] [34m[1mPerforming build step for 'GMock'[0m
[35m[1mScanning dependencies of target gmock[0m
[35m[1mScanning dependencies of target gtest[0m
[35m[1mScanning dependencies of target gmock_main[0m
[  9%] [32mBuilding CXX object gtest/CMakeFiles/gtest.dir/src/gtest-all.cc.o[0m
[ 18%] [32mBuilding CXX object CMakeFiles/gmock.dir/usr/src/googletest/googletest/src/gtest-all.cc.o[0m
[ 27%] [32mBuilding CXX object CMakeFiles/gmock_main.dir/usr/src/googletest/googletest/src/gtest-all.cc.o[0m
[ 80%] [32m[1mLinking CXX executable /home/teobaiguera/Documents/BeerDrone/devel/.private/offb/lib/offb/offb_node[0m
[ 80%] Built target offb_node
[ 36%] [32mBuilding CXX object CMakeFiles/gmock_main.dir/src/gmock-all.cc.o[0m
[ 45%] [32mBuilding CXX object CMakeFiles/gmock.dir/src/gmock-all.cc.o[0m
[ 54%] [32mBuilding CXX object CMakeFiles/gmock_main.dir/src/gmock_main.cc.o[0m
[ 63%] [32m[1mLinking CXX static library libgtest.a[0m
[ 63%] Built target gtest
[35m[1mScanning dependencies of target gtest_main[0m
[ 72%] [32mBuilding CXX object gtest/CMakeFiles/gtest_main.dir/src/gtest_main.cc.o[0m
[ 81%] [32m[1mLinking CXX static library libgmock_main.a[0m
[ 90%] [32m[1mLinking CXX static library libgtest_main.a[0m
[ 90%] Built target gtest_main
[ 90%] Built target gmock_main
[100%] [32m[1mLinking CXX static library libgmock.a[0m
[100%] Built target gmock
[ 90%] [34m[1mNo install step for 'GMock'[0m
[100%] [34m[1mCompleted 'GMock'[0m
[100%] Built target GMock
